# JRE version: OpenJDK Runtime Environment (8.0_76-b03) (build 1.8.0_76-release-b03)
# Java VM: OpenJDK 64-Bit Server VM (25.76-b03 mixed mode linux-amd64 compressed oops)
Heap:
 PSYoungGen      total 1148416K, used 55428K [0x000000076ab00000, 0x00000007bcd80000, 0x00000007c0000000)
  eden space 953856K, 0% used [0x000000076ab00000,0x000000076ab00000,0x00000007a4e80000)
  from space 194560K, 28% used [0x00000007b0f80000,0x00000007b45a12f8,0x00000007bcd80000)
  to   space 196096K, 0% used [0x00000007a4e80000,0x00000007a4e80000,0x00000007b0e00000)
 ParOldGen       total 692736K, used 692254K [0x00000006c0000000, 0x00000006ea480000, 0x000000076ab00000)
  object space 692736K, 99% used [0x00000006c0000000,0x00000006ea4078d8,0x00000006ea480000)
 Metaspace       used 6653K, capacity 7344K, committed 7552K, reserved 1056768K
  class space    used 600K, capacity 616K, committed 640K, reserved 1048576K
GC Heap History (10 events):
Event: 20.758 GC heap after
Heap after GC invocations=16 (full 3):
 PSYoungGen      total 792576K, used 102584K [0x000000076ab00000, 0x00000007acd00000, 0x00000007c0000000)
  eden space 635392K, 0% used [0x000000076ab00000,0x000000076ab00000,0x0000000791780000)
  from space 157184K, 65% used [0x0000000791780000,0x0000000797bae008,0x000000079b100000)
  to   space 164352K, 0% used [0x00000007a2c80000,0x00000007a2c80000,0x00000007acd00000)
 ParOldGen       total 461312K, used 376739K [0x00000006c0000000, 0x00000006dc280000, 0x000000076ab00000)
  object space 461312K, 81% used [0x00000006c0000000,0x00000006d6fe8e48,0x00000006dc280000)
 Metaspace       used 6570K, capacity 7280K, committed 7552K, reserved 1056768K
  class space    used 595K, capacity 616K, committed 640K, reserved 1048576K
}
Event: 22.940 GC heap before
{Heap before GC invocations=17 (full 3):
 PSYoungGen      total 792576K, used 737976K [0x000000076ab00000, 0x00000007acd00000, 0x00000007c0000000)
  eden space 635392K, 100% used [0x000000076ab00000,0x0000000791780000,0x0000000791780000)
  from space 157184K, 65% used [0x0000000791780000,0x0000000797bae008,0x000000079b100000)
  to   space 164352K, 0% used [0x00000007a2c80000,0x00000007a2c80000,0x00000007acd00000)
 ParOldGen       total 461312K, used 376739K [0x00000006c0000000, 0x00000006dc280000, 0x000000076ab00000)
  object space 461312K, 81% used [0x00000006c0000000,0x00000006d6fe8e48,0x00000006dc280000)
 Metaspace       used 6572K, capacity 7280K, committed 7552K, reserved 1056768K
  class space    used 595K, capacity 616K, committed 640K, reserved 1048576K
Event: 30.561 GC heap after
Heap after GC invocations=17 (full 3):
 PSYoungGen      total 878592K, used 164334K [0x000000076ab00000, 0x00000007b7680000, 0x00000007c0000000)
  eden space 714240K, 0% used [0x000000076ab00000,0x000000076ab00000,0x0000000796480000)
  from space 164352K, 99% used [0x00000007a2c80000,0x00000007accfb9c8,0x00000007acd00000)
  to   space 204800K, 0% used [0x0000000796480000,0x0000000796480000,0x00000007a2c80000)
 ParOldGen       total 461312K, used 410073K [0x00000006c0000000, 0x00000006dc280000, 0x000000076ab00000)
  object space 461312K, 88% used [0x00000006c0000000,0x00000006d90766d0,0x00000006dc280000)
 Metaspace       used 6572K, capacity 7280K, committed 7552K, reserved 1056768K
  class space    used 595K, capacity 616K, committed 640K, reserved 1048576K
}
Event: 30.561 GC heap before
{Heap before GC invocations=18 (full 4):
 PSYoungGen      total 878592K, used 164334K [0x000000076ab00000, 0x00000007b7680000, 0x00000007c0000000)
  eden space 714240K, 0% used [0x000000076ab00000,0x000000076ab00000,0x0000000796480000)
  from space 164352K, 99% used [0x00000007a2c80000,0x00000007accfb9c8,0x00000007acd00000)
  to   space 204800K, 0% used [0x0000000796480000,0x0000000796480000,0x00000007a2c80000)
 ParOldGen       total 461312K, used 410073K [0x00000006c0000000, 0x00000006dc280000, 0x000000076ab00000)
  object space 461312K, 88% used [0x00000006c0000000,0x00000006d90766d0,0x00000006dc280000)
 Metaspace       used 6572K, capacity 7280K, committed 7552K, reserved 1056768K
  class space    used 595K, capacity 616K, committed 640K, reserved 1048576K
Event: 33.552 GC heap after
Heap after GC invocations=18 (full 4):
 PSYoungGen      total 878592K, used 107147K [0x000000076ab00000, 0x00000007b7680000, 0x00000007c0000000)
  eden space 714240K, 0% used [0x000000076ab00000,0x000000076ab00000,0x0000000796480000)
  from space 164352K, 65% used [0x00000007a2c80000,0x00000007a9522fe8,0x00000007acd00000)
  to   space 204800K, 0% used [0x0000000796480000,0x0000000796480000,0x00000007a2c80000)
 ParOldGen       total 692736K, used 460949K [0x00000006c0000000, 0x00000006ea480000, 0x000000076ab00000)
  object space 692736K, 66% used [0x00000006c0000000,0x00000006dc2257a8,0x00000006ea480000)
 Metaspace       used 6572K, capacity 7280K, committed 7552K, reserved 1056768K
  class space    used 595K, capacity 616K, committed 640K, reserved 1048576K
}
Event: 35.931 GC heap before
{Heap before GC invocations=19 (full 4):
 PSYoungGen      total 878592K, used 821387K [0x000000076ab00000, 0x00000007b7680000, 0x00000007c0000000)
  eden space 714240K, 100% used [0x000000076ab00000,0x0000000796480000,0x0000000796480000)
  from space 164352K, 65% used [0x00000007a2c80000,0x00000007a9522fe8,0x00000007acd00000)
  to   space 204800K, 0% used [0x0000000796480000,0x0000000796480000,0x00000007a2c80000)
 ParOldGen       total 692736K, used 460949K [0x00000006c0000000, 0x00000006ea480000, 0x000000076ab00000)
  object space 692736K, 66% used [0x00000006c0000000,0x00000006dc2257a8,0x00000006ea480000)
 Metaspace       used 6574K, capacity 7280K, committed 7552K, reserved 1056768K
  class space    used 595K, capacity 616K, committed 640K, reserved 1048576K
Event: 36.976 GC heap after
Heap after GC invocations=19 (full 4):
 PSYoungGen      total 919040K, used 114159K [0x000000076ab00000, 0x00000007bd980000, 0x00000007c0000000)
  eden space 714240K, 0% used [0x000000076ab00000,0x000000076ab00000,0x0000000796480000)
  from space 204800K, 55% used [0x0000000796480000,0x000000079d3fbe70,0x00000007a2c80000)
  to   space 206848K, 0% used [0x00000007b0f80000,0x00000007b0f80000,0x00000007bd980000)
 ParOldGen       total 692736K, used 569196K [0x00000006c0000000, 0x00000006ea480000, 0x000000076ab00000)
  object space 692736K, 82% used [0x00000006c0000000,0x00000006e2bdb3c8,0x00000006ea480000)
 Metaspace       used 6574K, capacity 7280K, committed 7552K, reserved 1056768K
  class space    used 595K, capacity 616K, committed 640K, reserved 1048576K
}
Event: 40.244 GC heap before
{Heap before GC invocations=20 (full 4):
 PSYoungGen      total 919040K, used 828399K [0x000000076ab00000, 0x00000007bd980000, 0x00000007c0000000)
  eden space 714240K, 100% used [0x000000076ab00000,0x0000000796480000,0x0000000796480000)
  from space 204800K, 55% used [0x0000000796480000,0x000000079d3fbe70,0x00000007a2c80000)
  to   space 206848K, 0% used [0x00000007b0f80000,0x00000007b0f80000,0x00000007bd980000)
 ParOldGen       total 692736K, used 569196K [0x00000006c0000000, 0x00000006ea480000, 0x000000076ab00000)
  object space 692736K, 82% used [0x00000006c0000000,0x00000006e2bdb3c8,0x00000006ea480000)
 Metaspace       used 6653K, capacity 7344K, committed 7552K, reserved 1056768K
  class space    used 600K, capacity 616K, committed 640K, reserved 1048576K
Event: 41.849 GC heap after
Heap after GC invocations=20 (full 4):
 PSYoungGen      total 1148416K, used 82897K [0x000000076ab00000, 0x00000007bcd80000, 0x00000007c0000000)
  eden space 953856K, 0% used [0x000000076ab00000,0x000000076ab00000,0x00000007a4e80000)
  from space 194560K, 42% used [0x00000007b0f80000,0x00000007b60745c0,0x00000007bcd80000)
  to   space 196096K, 0% used [0x00000007a4e80000,0x00000007a4e80000,0x00000007b0e00000)
 ParOldGen       total 692736K, used 676285K [0x00000006c0000000, 0x00000006ea480000, 0x000000076ab00000)
  object space 692736K, 97% used [0x00000006c0000000,0x00000006e946f4d0,0x00000006ea480000)
 Metaspace       used 6653K, capacity 7344K, committed 7552K, reserved 1056768K
  class space    used 600K, capacity 616K, committed 640K, reserved 1048576K
}
Event: 41.849 GC heap before
{Heap before GC invocations=21 (full 5):
 PSYoungGen      total 1148416K, used 82897K [0x000000076ab00000, 0x00000007bcd80000, 0x00000007c0000000)
  eden space 953856K, 0% used [0x000000076ab00000,0x000000076ab00000,0x00000007a4e80000)
  from space 194560K, 42% used [0x00000007b0f80000,0x00000007b60745c0,0x00000007bcd80000)
  to   space 196096K, 0% used [0x00000007a4e80000,0x00000007a4e80000,0x00000007b0e00000)
 ParOldGen       total 692736K, used 676285K [0x00000006c0000000, 0x00000006ea480000, 0x000000076ab00000)
  object space 692736K, 97% used [0x00000006c0000000,0x00000006e946f4d0,0x00000006ea480000)
 Metaspace       used 6653K, capacity 7344K, committed 7552K, reserved 1056768K
  class space    used 600K, capacity 616K, committed 640K, reserved 1048576K

