# JRE version: OpenJDK Runtime Environment (8.0_76-b03) (build 1.8.0_76-release-b03)
# Java VM: OpenJDK 64-Bit Server VM (25.76-b03 mixed mode linux-amd64 compressed oops)
Heap:
 PSYoungGen      total 1098752K, used 127801K [0x000000076ab00000, 0x00000007c0000000, 0x00000007c0000000)
  eden space 872448K, 0% used [0x000000076ab00000,0x000000076ab00000,0x000000079ff00000)
  from space 226304K, 56% used [0x000000079ff00000,0x00000007a7bce670,0x00000007adc00000)
  to   space 285696K, 0% used [0x00000007ae900000,0x00000007ae900000,0x00000007c0000000)
 ParOldGen       total 698368K, used 698220K [0x00000006c0000000, 0x00000006eaa00000, 0x000000076ab00000)
  object space 698368K, 99% used [0x00000006c0000000,0x00000006ea9db248,0x00000006eaa00000)
 Metaspace       used 6715K, capacity 7346K, committed 7552K, reserved 1056768K
  class space    used 604K, capacity 618K, committed 640K, reserved 1048576K
GC Heap History (10 events):
Event: 25.486 GC heap after
Heap after GC invocations=17 (full 3):
 PSYoungGen      total 860160K, used 159743K [0x000000076ab00000, 0x00000007b4c80000, 0x00000007c0000000)
  eden space 700416K, 0% used [0x000000076ab00000,0x000000076ab00000,0x0000000795700000)
  from space 159744K, 99% used [0x00000007a1a00000,0x00000007ab5fff68,0x00000007ab600000)
  to   space 199680K, 0% used [0x0000000795700000,0x0000000795700000,0x00000007a1a00000)
 ParOldGen       total 461824K, used 404139K [0x00000006c0000000, 0x00000006dc300000, 0x000000076ab00000)
  object space 461824K, 87% used [0x00000006c0000000,0x00000006d8aaaeb8,0x00000006dc300000)
 Metaspace       used 6575K, capacity 7280K, committed 7552K, reserved 1056768K
  class space    used 595K, capacity 616K, committed 640K, reserved 1048576K
}
Event: 25.486 GC heap before
{Heap before GC invocations=18 (full 4):
 PSYoungGen      total 860160K, used 159743K [0x000000076ab00000, 0x00000007b4c80000, 0x00000007c0000000)
  eden space 700416K, 0% used [0x000000076ab00000,0x000000076ab00000,0x0000000795700000)
  from space 159744K, 99% used [0x00000007a1a00000,0x00000007ab5fff68,0x00000007ab600000)
  to   space 199680K, 0% used [0x0000000795700000,0x0000000795700000,0x00000007a1a00000)
 ParOldGen       total 461824K, used 404139K [0x00000006c0000000, 0x00000006dc300000, 0x000000076ab00000)
  object space 461824K, 87% used [0x00000006c0000000,0x00000006d8aaaeb8,0x00000006dc300000)
 Metaspace       used 6575K, capacity 7280K, committed 7552K, reserved 1056768K
  class space    used 595K, capacity 616K, committed 640K, reserved 1048576K
Event: 28.307 GC heap after
Heap after GC invocations=18 (full 4):
 PSYoungGen      total 860160K, used 95976K [0x000000076ab00000, 0x00000007b4c80000, 0x00000007c0000000)
  eden space 700416K, 0% used [0x000000076ab00000,0x000000076ab00000,0x0000000795700000)
  from space 159744K, 60% used [0x00000007a1a00000,0x00000007a77ba000,0x00000007ab600000)
  to   space 199680K, 0% used [0x0000000795700000,0x0000000795700000,0x00000007a1a00000)
 ParOldGen       total 698368K, used 461558K [0x00000006c0000000, 0x00000006eaa00000, 0x000000076ab00000)
  object space 698368K, 66% used [0x00000006c0000000,0x00000006dc2bd8e0,0x00000006eaa00000)
 Metaspace       used 6575K, capacity 7280K, committed 7552K, reserved 1056768K
  class space    used 595K, capacity 616K, committed 640K, reserved 1048576K
}
Event: 30.532 GC heap before
{Heap before GC invocations=19 (full 4):
 PSYoungGen      total 860160K, used 796392K [0x000000076ab00000, 0x00000007b4c80000, 0x00000007c0000000)
  eden space 700416K, 100% used [0x000000076ab00000,0x0000000795700000,0x0000000795700000)
  from space 159744K, 60% used [0x00000007a1a00000,0x00000007a77ba000,0x00000007ab600000)
  to   space 199680K, 0% used [0x0000000795700000,0x0000000795700000,0x00000007a1a00000)
 ParOldGen       total 698368K, used 461558K [0x00000006c0000000, 0x00000006eaa00000, 0x000000076ab00000)
  object space 698368K, 66% used [0x00000006c0000000,0x00000006dc2bd8e0,0x00000006eaa00000)
 Metaspace       used 6578K, capacity 7280K, committed 7552K, reserved 1056768K
  class space    used 595K, capacity 616K, committed 640K, reserved 1048576K
Event: 31.653 GC heap after
Heap after GC invocations=19 (full 4):
 PSYoungGen      total 900096K, used 107479K [0x000000076ab00000, 0x00000007b9f80000, 0x00000007c0000000)
  eden space 700416K, 0% used [0x000000076ab00000,0x000000076ab00000,0x0000000795700000)
  from space 199680K, 53% used [0x0000000795700000,0x000000079bff5dc0,0x00000007a1a00000)
  to   space 200192K, 0% used [0x00000007adc00000,0x00000007adc00000,0x00000007b9f80000)
 ParOldGen       total 698368K, used 558490K [0x00000006c0000000, 0x00000006eaa00000, 0x000000076ab00000)
  object space 698368K, 79% used [0x00000006c0000000,0x00000006e2166a30,0x00000006eaa00000)
 Metaspace       used 6578K, capacity 7280K, committed 7552K, reserved 1056768K
  class space    used 595K, capacity 616K, committed 640K, reserved 1048576K
}
Event: 34.884 GC heap before
{Heap before GC invocations=20 (full 4):
 PSYoungGen      total 900096K, used 807895K [0x000000076ab00000, 0x00000007b9f80000, 0x00000007c0000000)
  eden space 700416K, 100% used [0x000000076ab00000,0x0000000795700000,0x0000000795700000)
  from space 199680K, 53% used [0x0000000795700000,0x000000079bff5dc0,0x00000007a1a00000)
  to   space 200192K, 0% used [0x00000007adc00000,0x00000007adc00000,0x00000007b9f80000)
 ParOldGen       total 698368K, used 558490K [0x00000006c0000000, 0x00000006eaa00000, 0x000000076ab00000)
  object space 698368K, 79% used [0x00000006c0000000,0x00000006e2166a30,0x00000006eaa00000)
 Metaspace       used 6614K, capacity 7280K, committed 7552K, reserved 1056768K
  class space    used 600K, capacity 616K, committed 640K, reserved 1048576K
Event: 35.346 GC heap after
Heap after GC invocations=20 (full 4):
 PSYoungGen      total 1072640K, used 180297K [0x000000076ab00000, 0x00000007bc880000, 0x00000007c0000000)
  eden space 872448K, 0% used [0x000000076ab00000,0x000000076ab00000,0x000000079ff00000)
  from space 200192K, 90% used [0x00000007adc00000,0x00000007b8c12428,0x00000007b9f80000)
  to   space 226304K, 0% used [0x000000079ff00000,0x000000079ff00000,0x00000007adc00000)
 ParOldGen       total 698368K, used 558498K [0x00000006c0000000, 0x00000006eaa00000, 0x000000076ab00000)
  object space 698368K, 79% used [0x00000006c0000000,0x00000006e2168a30,0x00000006eaa00000)
 Metaspace       used 6614K, capacity 7280K, committed 7552K, reserved 1056768K
  class space    used 600K, capacity 616K, committed 640K, reserved 1048576K
}
Event: 39.524 GC heap before
{Heap before GC invocations=21 (full 4):
 PSYoungGen      total 1072640K, used 1052745K [0x000000076ab00000, 0x00000007bc880000, 0x00000007c0000000)
  eden space 872448K, 100% used [0x000000076ab00000,0x000000079ff00000,0x000000079ff00000)
  from space 200192K, 90% used [0x00000007adc00000,0x00000007b8c12428,0x00000007b9f80000)
  to   space 226304K, 0% used [0x000000079ff00000,0x000000079ff00000,0x00000007adc00000)
 ParOldGen       total 698368K, used 558498K [0x00000006c0000000, 0x00000006eaa00000, 0x000000076ab00000)
  object space 698368K, 79% used [0x00000006c0000000,0x00000006e2168a30,0x00000006eaa00000)
 Metaspace       used 6715K, capacity 7346K, committed 7552K, reserved 1056768K
  class space    used 604K, capacity 618K, committed 640K, reserved 1048576K
Event: 39.902 GC heap after
Heap after GC invocations=21 (full 4):
 PSYoungGen      total 1098752K, used 226299K [0x000000076ab00000, 0x00000007c0000000, 0x00000007c0000000)
  eden space 872448K, 0% used [0x000000076ab00000,0x000000076ab00000,0x000000079ff00000)
  from space 226304K, 99% used [0x000000079ff00000,0x00000007adbfec20,0x00000007adc00000)
  to   space 285696K, 0% used [0x00000007ae900000,0x00000007ae900000,0x00000007c0000000)
 ParOldGen       total 698368K, used 615337K [0x00000006c0000000, 0x00000006eaa00000, 0x000000076ab00000)
  object space 698368K, 88% used [0x00000006c0000000,0x00000006e58ea4b0,0x00000006eaa00000)
 Metaspace       used 6715K, capacity 7346K, committed 7552K, reserved 1056768K
  class space    used 604K, capacity 618K, committed 640K, reserved 1048576K
}
Event: 39.902 GC heap before
{Heap before GC invocations=22 (full 5):
 PSYoungGen      total 1098752K, used 226299K [0x000000076ab00000, 0x00000007c0000000, 0x00000007c0000000)
  eden space 872448K, 0% used [0x000000076ab00000,0x000000076ab00000,0x000000079ff00000)
  from space 226304K, 99% used [0x000000079ff00000,0x00000007adbfec20,0x00000007adc00000)
  to   space 285696K, 0% used [0x00000007ae900000,0x00000007ae900000,0x00000007c0000000)
 ParOldGen       total 698368K, used 615337K [0x00000006c0000000, 0x00000006eaa00000, 0x000000076ab00000)
  object space 698368K, 88% used [0x00000006c0000000,0x00000006e58ea4b0,0x00000006eaa00000)
 Metaspace       used 6715K, capacity 7346K, committed 7552K, reserved 1056768K
  class space    used 604K, capacity 618K, committed 640K, reserved 1048576K

